Started GET "/" for ::1 at 2019-06-26 10:52:32 -0500
Processing by ContentController#home as HTML
  Rendering content/home.html.erb within layouts/application
  Rendered content/home.html.erb within layouts/application (4.9ms)
Completed 500 Internal Server Error in 164ms


  
ActionView::Template::Error (Can't find Dashboard.js in /Users/beatawnek/Desktop/reactfit/public/packs/manifest.json. Is webpack still compiling?):
    1: <%= javascript_pack_tag 'Dashboard' %>
    2: <%= stylesheet_pack_tag 'Dashboard' %>
  
app/views/content/home.html.erb:1:in `_app_views_content_home_html_erb___2688795366448036901_70142431986680'
Started GET "/" for ::1 at 2019-06-26 10:56:07 -0500
Processing by ContentController#home as HTML
  Rendering content/home.html.erb within layouts/application
  Rendered content/home.html.erb within layouts/application (146.3ms)
Completed 200 OK in 1382ms (Views: 1380.9ms)


Started GET "/" for ::1 at 2019-06-26 10:56:50 -0500
Processing by ContentController#home as HTML
  Rendering content/home.html.erb within layouts/application
  Rendered content/home.html.erb within layouts/application (2.4ms)
Completed 200 OK in 15ms (Views: 13.0ms)


Started GET "/" for ::1 at 2019-06-26 10:57:26 -0500
Processing by ContentController#home as HTML
  Rendering content/home.html.erb within layouts/application
  Rendered content/home.html.erb within layouts/application (4.1ms)
Completed 200 OK in 15ms (Views: 13.4ms)


